<?xml version="1.0" encoding="UTF-8"?>
<!-- Generated by org.testng.reporters.JUnitReportReporter -->
<testsuite hostname="DESKTOP-1519GIL" failures="0" tests="1" name="BestBuy.pages.Pagelastlink" time="172.338" errors="0" timestamp="2023-04-25T16:24:37 IST" skipped="0">
  <testcase classname="BestBuy.pages.Pagelastlink" name="lastLink" time="172.338"/>
  <system-out/>
</testsuite> <!-- BestBuy.pages.Pagelastlink -->
