<?xml version="1.0" encoding="UTF-8"?>
<!-- Generated by org.testng.reporters.JUnitReportReporter -->
<testsuite hostname="DESKTOP-1519GIL" failures="0" tests="1" name="BestBuy.tests.login" time="86.016" errors="0" timestamp="2023-04-25T11:51:54 IST" skipped="0">
  <testcase classname="BestBuy.tests.login" name="Log" time="86.016"/>
  <system-out/>
</testsuite> <!-- BestBuy.tests.login -->
