<?xml version="1.0" encoding="UTF-8"?>
<!-- Generated by org.testng.reporters.JUnitReportReporter -->
<testsuite hostname="DESKTOP-1519GIL" failures="0" tests="1" name="BestBuy.tests.signin" time="181.440" errors="0" timestamp="2023-04-25T11:49:49 IST" skipped="0">
  <testcase classname="BestBuy.tests.signin" name="Sign" time="181.440"/>
  <system-out/>
</testsuite> <!-- BestBuy.tests.signin -->
