<?xml version="1.0" encoding="UTF-8"?>
<!-- Generated by org.testng.reporters.JUnitReportReporter -->
<testsuite hostname="DESKTOP-1519GIL" failures="0" tests="1" name="BestBuy.tests.Payment" time="119.853" errors="0" timestamp="2023-04-25T14:10:12 IST" skipped="0">
  <testcase classname="BestBuy.tests.Payment" name="payMent" time="119.853"/>
  <system-out/>
</testsuite> <!-- BestBuy.tests.Payment -->
