<?xml version="1.0" encoding="UTF-8"?>
<!-- Generated by org.testng.reporters.JUnitReportReporter -->
<testsuite hostname="DESKTOP-1519GIL" failures="0" tests="2" name="BestBuy.tests.Scroll" time="100.039" errors="0" timestamp="2023-04-25T16:05:39 IST" skipped="0">
  <testcase classname="BestBuy.tests.Scroll" name="bottom" time="0.048"/>
  <system-out/>
  <testcase classname="BestBuy.tests.Scroll" name="scroll" time="99.991"/>
  <system-out/>
</testsuite> <!-- BestBuy.tests.Scroll -->
