<?xml version="1.0" encoding="UTF-8"?>
<!-- Generated by org.testng.reporters.JUnitReportReporter -->
<testsuite hostname="DESKTOP-1519GIL" failures="0" tests="1" name="BestBuy.tests.menuBar" time="283.087" errors="0" timestamp="2023-04-25T14:18:38 IST" skipped="0">
  <testcase classname="BestBuy.tests.menuBar" name="order" time="283.087"/>
  <system-out/>
</testsuite> <!-- BestBuy.tests.menuBar -->
