<?xml version="1.0" encoding="UTF-8"?>
<!-- Generated by org.testng.reporters.JUnitReportReporter -->
<testsuite hostname="DESKTOP-1519GIL" failures="0" tests="1" name="BestBuy.tests.verifylink" time="209.843" errors="0" timestamp="2023-04-25T15:44:53 IST" skipped="0">
  <testcase classname="BestBuy.tests.verifylink" name="tops" time="209.843"/>
  <system-out/>
</testsuite> <!-- BestBuy.tests.verifylink -->
